<?xml version="1.0" encoding="UTF-8"?>
<!-- Generated by org.testng.reporters.JUnitReportReporter -->
<testsuite hostname="omar_tigo" failures="0" tests="2" name="nandbox_register.register" time="61.224" errors="0" timestamp="30 Nov 2022 15:56:32 GMT">
  <testcase classname="nandbox_register.register" name="login" time="41.919"/>
  <testcase classname="nandbox_register.register" name="login" time="19.305"/>
</testsuite> <!-- nandbox_register.register -->
