<?xml version="1.0" encoding="UTF-8"?>
<!-- Generated by org.testng.reporters.JUnitReportReporter -->
<testsuite hostname="omar_tigo" failures="0" tests="5" name="nandbox_register.login" time="65.886" errors="0" timestamp="20 Nov 2022 13:28:52 GMT">
  <testcase classname="nandbox_register.login" name="create_channel" time="8.121"/>
  <testcase classname="nandbox_register.login" name="create_booking" time="13.068"/>
  <testcase classname="nandbox_register.login" name="create_event" time="23.260"/>
  <testcase classname="nandbox_register.login" name="create_Group" time="8.912"/>
  <testcase classname="nandbox_register.login" name="login1" time="12.525"/>
</testsuite> <!-- nandbox_register.login -->
