<?xml version="1.0" encoding="UTF-8"?>
<!-- Generated by org.testng.reporters.JUnitReportReporter -->
<testsuite hostname="omar_tigo" failures="0" tests="3" name="group_testcases.group_testcases" time="143.673" errors="0" timestamp="13 Dec 2022 12:27:51 GMT">
  <testcase classname="group_testcases.group_testcases" name="loginn" time="59.968"/>
  <testcase classname="group_testcases.group_testcases" name="loginn" time="42.923"/>
  <testcase classname="group_testcases.group_testcases" name="loginn" time="40.782"/>
</testsuite> <!-- group_testcases.group_testcases -->
