<?xml version="1.0" encoding="UTF-8"?>
<!-- Generated by org.testng.reporters.JUnitReportReporter -->
<testsuite hostname="omar_tigo" failures="0" tests="2" name="nandbox_register.login" time="34.937" errors="0" timestamp="6 Dec 2022 14:32:09 GMT">
  <testcase classname="nandbox_register.login" name="create_event" time="23.256"/>
  <testcase classname="nandbox_register.login" name="login1" time="11.681"/>
</testsuite> <!-- nandbox_register.login -->
